<?xml version="1.0" encoding="UTF-8"?>
<!-- Generated by org.testng.reporters.JUnitReportReporter -->
<testsuite hostname="DESKTOP-T0IF1AT" failures="0" tests="1" name="testngdemo.TestngDemo2" time="1.940" errors="0" timestamp="2024-03-08T23:39:22 IST" skipped="0">
  <testcase classname="testngdemo.TestngDemo2" name="cvsr" time="1.940"/>
  <system-out/>
</testsuite> <!-- testngdemo.TestngDemo2 -->
