<?xml version="1.0" encoding="UTF-8"?>
<!-- Generated by org.testng.reporters.JUnitReportReporter -->
<testsuite hostname="DESKTOP-T0IF1AT" failures="0" tests="1" name="testngdemo.TestngDemo" time="2.357" errors="0" timestamp="2024-03-08T23:22:11 IST" skipped="0">
  <testcase classname="testngdemo.TestngDemo" name="cvsr" time="2.357"/>
  <system-out/>
</testsuite> <!-- testngdemo.TestngDemo -->
