<?xml version="1.0" encoding="UTF-8"?>
<!-- Generated by org.testng.reporters.JUnitReportReporter -->
<testsuite hostname="DESKTOP-T0IF1AT" failures="0" tests="1" name="iframefeatures.Iframeautomation" time="38.253" errors="0" timestamp="2024-03-05T23:04:54 IST" skipped="0">
  <testcase classname="iframefeatures.Iframeautomation" name="frameapplication" time="38.253"/>
  <system-out/>
</testsuite> <!-- iframefeatures.Iframeautomation -->
