<?xml version="1.0" encoding="UTF-8"?>
<!-- Generated by org.testng.reporters.JUnitReportReporter -->
<testsuite hostname="DESKTOP-T0IF1AT" failures="0" tests="3" name="testngprograms.Testng_decreption" time="5.910" errors="0" timestamp="2024-03-08T21:41:55 IST" skipped="0">
  <testcase classname="testngprograms.Testng_decreption" name="dm3" time="3.299"/>
  <system-out/>
  <testcase classname="testngprograms.Testng_decreption" name="dm5" time="2.448"/>
  <system-out/>
  <testcase classname="testngprograms.Testng_decreption" name="dm2" time="0.163"/>
  <system-out/>
</testsuite> <!-- testngprograms.Testng_decreption -->
