<?xml version="1.0" encoding="UTF-8"?>
<!-- Generated by org.testng.reporters.JUnitReportReporter -->
<testsuite hostname="DESKTOP-T0IF1AT" failures="0" tests="6" name="testngprograms.TestNG_ignore_skip_Disable" time="4.948" errors="0" timestamp="2024-02-29T12:20:31 IST" skipped="4">
  <testcase classname="testngprograms.TestNG_ignore_skip_Disable" name="gmail" time="3.074"/>
  <system-out/>
  <testcase classname="testngprograms.TestNG_ignore_skip_Disable" name="google" time="1.874"/>
  <system-out/>
  <testcase classname="testngprograms.TestNG_ignore_skip_Disable" name="selenium">
    <skipped/>
  </testcase> <!-- selenium -->
  <system-out/>
  <testcase classname="testngprograms.TestNG_ignore_skip_Disable" name="facebook">
    <skipped/>
  </testcase> <!-- facebook -->
  <system-out/>
  <testcase classname="testngprograms.TestNG_ignore_skip_Disable" name="redmine">
    <skipped/>
  </testcase> <!-- redmine -->
  <system-out/>
  <testcase classname="testngprograms.TestNG_ignore_skip_Disable" name="twitter">
    <skipped/>
  </testcase> <!-- twitter -->
  <system-out/>
</testsuite> <!-- testngprograms.TestNG_ignore_skip_Disable -->
