<?xml version="1.0" encoding="UTF-8"?>
<!-- Generated by org.testng.reporters.JUnitReportReporter -->
<testsuite hostname="DESKTOP-T0IF1AT" failures="0" tests="1" name="screenshorts.screenshot" time="9.167" errors="0" timestamp="2024-03-12T13:20:01 IST" skipped="0">
  <testcase classname="screenshorts.screenshot" name="google" time="9.167"/>
  <system-out/>
</testsuite> <!-- screenshorts.screenshot -->
