<?xml version="1.0" encoding="UTF-8"?>
<!-- Generated by org.testng.reporters.JUnitReportReporter -->
<testsuite hostname="DESKTOP-T0IF1AT" failures="0" tests="5" name="testngprograms.Testngprorityorder2ndprogm" time="10.946" errors="0" timestamp="2024-02-25T12:38:55 IST" skipped="0">
  <testcase classname="testngprograms.Testngprorityorder2ndprogm" name="facebook" time="1.248"/>
  <system-out/>
  <testcase classname="testngprograms.Testngprorityorder2ndprogm" name="google" time="2.321"/>
  <system-out/>
  <testcase classname="testngprograms.Testngprorityorder2ndprogm" name="gmail" time="3.197"/>
  <system-out/>
  <testcase classname="testngprograms.Testngprorityorder2ndprogm" name="selenium" time="1.184"/>
  <system-out/>
  <testcase classname="testngprograms.Testngprorityorder2ndprogm" name="twitter" time="2.996"/>
  <system-out/>
</testsuite> <!-- testngprograms.Testngprorityorder2ndprogm -->
