<?xml version="1.0" encoding="UTF-8"?>
<!-- Generated by org.testng.reporters.JUnitReportReporter -->
<testsuite hostname="DESKTOP-T0IF1AT" failures="0" tests="1" name="log4jtutorial.Log4jdemo" time="10.863" errors="0" timestamp="2024-03-05T23:03:13 IST" skipped="0">
  <testcase classname="log4jtutorial.Log4jdemo" name="googlesearch" time="10.863"/>
  <system-out/>
</testsuite> <!-- log4jtutorial.Log4jdemo -->
