<?xml version="1.0" encoding="UTF-8"?>
<!-- Generated by org.testng.reporters.JUnitReportReporter -->
<testsuite hostname="DESKTOP-T0IF1AT" failures="0" tests="2" name="testngprograms.Testng_Dependonmethod" time="2.964" errors="0" timestamp="2024-03-08T23:39:22 IST" skipped="0">
  <testcase classname="testngprograms.Testng_Dependonmethod" name="method1" time="0.588"/>
  <system-out/>
  <testcase classname="testngprograms.Testng_Dependonmethod" name="method2" time="2.376"/>
  <system-out/>
</testsuite> <!-- testngprograms.Testng_Dependonmethod -->
