<?xml version="1.0" encoding="UTF-8"?>
<!-- Generated by org.testng.reporters.JUnitReportReporter -->
<testsuite hostname="DESKTOP-T0IF1AT" failures="0" tests="1" name="alertfunctionality.Alertokcanclesendoktext" time="13.569" errors="0" timestamp="2024-03-11T22:48:31 IST" skipped="0">
  <testcase classname="alertfunctionality.Alertokcanclesendoktext" name="alertok" time="13.569"/>
  <system-out/>
</testsuite> <!-- alertfunctionality.Alertokcanclesendoktext -->
