<?xml version="1.0" encoding="UTF-8"?>
<!-- Generated by org.testng.reporters.JUnitReportReporter -->
<testsuite hostname="DESKTOP-T0IF1AT" failures="0" tests="2" name="testngprograms.Testalphabetic" time="3.432" errors="0" timestamp="2024-03-08T23:07:32 IST" skipped="0">
  <testcase classname="testngprograms.Testalphabetic" name="facebook" time="1.043"/>
  <system-out/>
  <testcase classname="testngprograms.Testalphabetic" name="gmail" time="2.389"/>
  <system-out/>
</testsuite> <!-- testngprograms.Testalphabetic -->
