<?xml version="1.0" encoding="UTF-8"?>
<!-- Generated by org.testng.reporters.JUnitReportReporter -->
<testsuite hostname="DESKTOP-T0IF1AT" failures="0" tests="1" name="screenshorts.Timeformatrescreenshot" time="9.803" errors="0" timestamp="2024-03-12T22:20:25 IST" skipped="0">
  <testcase classname="screenshorts.Timeformatrescreenshot" name="google" time="9.803"/>
  <system-out/>
</testsuite> <!-- screenshorts.Timeformatrescreenshot -->
