<?xml version="1.0" encoding="UTF-8"?>
<!-- Generated by org.testng.reporters.JUnitReportReporter -->
<testsuite hostname="DESKTOP-T0IF1AT" failures="0" tests="6" name="testngprograms.Testngprorityorder" time="46.299" errors="0" timestamp="2024-02-25T12:36:32 IST" skipped="0">
  <testcase classname="testngprograms.Testngprorityorder" name="redmine" time="35.129"/>
  <system-out/>
  <testcase classname="testngprograms.Testngprorityorder" name="gmail" time="4.468"/>
  <system-out/>
  <testcase classname="testngprograms.Testngprorityorder" name="selenium" time="0.854"/>
  <system-out/>
  <testcase classname="testngprograms.Testngprorityorder" name="google" time="1.773"/>
  <system-out/>
  <testcase classname="testngprograms.Testngprorityorder" name="facebook" time="1.168"/>
  <system-out/>
  <testcase classname="testngprograms.Testngprorityorder" name="twitter" time="2.907"/>
  <system-out/>
</testsuite> <!-- testngprograms.Testngprorityorder -->
