<?xml version="1.0" encoding="UTF-8"?>
<!-- Generated by org.testng.reporters.JUnitReportReporter -->
<testsuite hostname="DESKTOP-T0IF1AT" failures="0" tests="3" name="testngprograms.Testnggroups" time="7.937" errors="0" timestamp="2024-03-10T11:08:28 IST" skipped="0">
  <testcase classname="testngprograms.Testnggroups" name="facebook" time="1.256"/>
  <system-out/>
  <testcase classname="testngprograms.Testnggroups" name="twitter" time="4.334"/>
  <system-out/>
  <testcase classname="testngprograms.Testnggroups" name="gmail" time="2.347"/>
  <system-out/>
</testsuite> <!-- testngprograms.Testnggroups -->
